<?xml version="1.0" encoding="UTF-8"?>
<testng-results ignored="0" total="2" passed="2" failed="0" skipped="0">
  <reporter-output>
  </reporter-output>
  <suite started-at="2023-01-05T13:48:15 IST" name="com.lexmark.mvproj1.AppTest" finished-at="2023-01-05T13:48:15 IST" duration-ms="57">
    <groups>
    </groups>
    <test started-at="2023-01-05T13:48:15 IST" name="Command line test" finished-at="2023-01-05T13:48:15 IST" duration-ms="57">
      <class name="com.lexmark.mvproj1.AppTest">
        <test-method signature="testlogin1()[pri:0, instance:com.lexmark.mvproj1.AppTest@3f197a46]" started-at="2023-01-05T13:48:15 IST" name="testlogin1" finished-at="2023-01-05T13:48:15 IST" duration-ms="22" status="PASS">
          <reporter-output>
          </reporter-output>
        </test-method> <!-- testlogin1 -->
        <test-method signature="testlogin2()[pri:0, instance:com.lexmark.mvproj1.AppTest@3f197a46]" started-at="2023-01-05T13:48:15 IST" name="testlogin2" finished-at="2023-01-05T13:48:15 IST" duration-ms="0" status="PASS">
          <reporter-output>
          </reporter-output>
        </test-method> <!-- testlogin2 -->
      </class> <!-- com.lexmark.mvproj1.AppTest -->
    </test> <!-- Command line test -->
  </suite> <!-- com.lexmark.mvproj1.AppTest -->
</testng-results>
